<?xml version="1.0" encoding="UTF-8"?>
<testsuites name="jest tests" tests="610" failures="0" errors="0" time="17.928">
  <testsuite name="getRemoteInfo" errors="0" failures="0" skipped="1" timestamp="2025-10-28T23:15:56" time="1.336" tests="3">
    <testcase classname="getRemoteInfo getRemoteInfo" name="getRemoteInfo getRemoteInfo" time="0.089">
    </testcase>
    <testcase classname="getRemoteInfo detects &quot;dumb&quot; HTTP server responses" name="getRemoteInfo detects &quot;dumb&quot; HTTP server responses" time="0">
      <skipped/>
    </testcase>
    <testcase classname="getRemoteInfo throws UnknownTransportError if using shorter scp-like syntax" name="getRemoteInfo throws UnknownTransportError if using shorter scp-like syntax" time="0.003">
    </testcase>
  </testsuite>
  <testsuite name="getRemoteInfo2" errors="0" failures="0" skipped="1" timestamp="2025-10-28T23:15:56" time="1.426" tests="4">
    <testcase classname="getRemoteInfo2 protocol 2" name="getRemoteInfo2 protocol 2" time="0.082">
    </testcase>
    <testcase classname="getRemoteInfo2 protocol 1" name="getRemoteInfo2 protocol 1" time="0.054">
    </testcase>
    <testcase classname="getRemoteInfo2 detects &quot;dumb&quot; HTTP server responses" name="getRemoteInfo2 detects &quot;dumb&quot; HTTP server responses" time="0">
      <skipped/>
    </testcase>
    <testcase classname="getRemoteInfo2 throws UnknownTransportError if using shorter scp-like syntax" name="getRemoteInfo2 throws UnknownTransportError if using shorter scp-like syntax" time="0.002">
    </testcase>
  </testsuite>
  <testsuite name="listServerRefs" errors="0" failures="0" skipped="0" timestamp="2025-10-28T23:15:56" time="1.658" tests="10">
    <testcase classname="listServerRefs protocol 1" name="listServerRefs protocol 1" time="0.111">
    </testcase>
    <testcase classname="listServerRefs protocol 1, symrefs" name="listServerRefs protocol 1, symrefs" time="0.025">
    </testcase>
    <testcase classname="listServerRefs protocol 1, peelTags" name="listServerRefs protocol 1, peelTags" time="0.026">
    </testcase>
    <testcase classname="listServerRefs protocol 1, prefix" name="listServerRefs protocol 1, prefix" time="0.019">
    </testcase>
    <testcase classname="listServerRefs protocol 1, kitchen sink" name="listServerRefs protocol 1, kitchen sink" time="0.018">
    </testcase>
    <testcase classname="listServerRefs protocol 2" name="listServerRefs protocol 2" time="0.05">
    </testcase>
    <testcase classname="listServerRefs protocol 2, symrefs" name="listServerRefs protocol 2, symrefs" time="0.032">
    </testcase>
    <testcase classname="listServerRefs protocol 2, peelTags" name="listServerRefs protocol 2, peelTags" time="0.025">
    </testcase>
    <testcase classname="listServerRefs protocol 2, prefix" name="listServerRefs protocol 2, prefix" time="0.027">
    </testcase>
    <testcase classname="listServerRefs protocol 2, kitchen sink" name="listServerRefs protocol 2, kitchen sink" time="0.042">
    </testcase>
  </testsuite>
  <testsuite name="submodule &quot;support&quot;" errors="0" failures="0" skipped="0" timestamp="2025-10-28T23:15:56" time="1.821" tests="4">
    <testcase classname="submodule &quot;support&quot; submodules are still staged after fresh clone" name="submodule &quot;support&quot; submodules are still staged after fresh clone" time="0.252">
    </testcase>
    <testcase classname="submodule &quot;support&quot; submodules are still staged after making a commit" name="submodule &quot;support&quot; submodules are still staged after making a commit" time="0.093">
    </testcase>
    <testcase classname="submodule &quot;support&quot; submodules are staged when switching to a branch that has them" name="submodule &quot;support&quot; submodules are staged when switching to a branch that has them" time="0.089">
    </testcase>
    <testcase classname="submodule &quot;support&quot; submodules are unstaged when switching to a branch that doesn&apos;t have them" name="submodule &quot;support&quot; submodules are unstaged when switching to a branch that doesn&apos;t have them" time="0.078">
    </testcase>
  </testsuite>
  <testsuite name="pull" errors="0" failures="0" skipped="0" timestamp="2025-10-28T23:15:56" time="1.819" tests="3">
    <testcase classname="pull pull" name="pull pull" time="0.267">
    </testcase>
    <testcase classname="pull pull fast-forward only" name="pull pull fast-forward only" time="0.116">
    </testcase>
    <testcase classname="pull pull no fast-forward" name="pull pull no fast-forward" time="0.104">
    </testcase>
  </testsuite>
  <testsuite name="readObject" errors="0" failures="0" skipped="0" timestamp="2025-10-28T23:15:57" time="0.546" tests="17">
    <testcase classname="readObject test missing" name="readObject test missing" time="0.089">
    </testcase>
    <testcase classname="readObject parsed" name="readObject parsed" time="0.026">
    </testcase>
    <testcase classname="readObject content" name="readObject content" time="0.02">
    </testcase>
    <testcase classname="readObject wrapped" name="readObject wrapped" time="0.018">
    </testcase>
    <testcase classname="readObject deflated" name="readObject deflated" time="0.02">
    </testcase>
    <testcase classname="readObject from packfile deflated" name="readObject from packfile deflated" time="0.015">
    </testcase>
    <testcase classname="readObject from packfile wrapped" name="readObject from packfile wrapped" time="0.014">
    </testcase>
    <testcase classname="readObject from packfile content" name="readObject from packfile content" time="0.015">
    </testcase>
    <testcase classname="readObject blob with encoding" name="readObject blob with encoding" time="0.017">
    </testcase>
    <testcase classname="readObject with simple filepath to blob" name="readObject with simple filepath to blob" time="0.022">
    </testcase>
    <testcase classname="readObject with deep filepath to blob" name="readObject with deep filepath to blob" time="0.019">
    </testcase>
    <testcase classname="readObject with simple filepath to tree" name="readObject with simple filepath to tree" time="0.028">
    </testcase>
    <testcase classname="readObject with deep filepath to tree" name="readObject with deep filepath to tree" time="0.02">
    </testcase>
    <testcase classname="readObject with erroneous filepath (directory is a file)" name="readObject with erroneous filepath (directory is a file)" time="0.02">
    </testcase>
    <testcase classname="readObject with erroneous filepath (no such directory)" name="readObject with erroneous filepath (no such directory)" time="0.024">
    </testcase>
    <testcase classname="readObject with erroneous filepath (leading slash)" name="readObject with erroneous filepath (leading slash)" time="0.014">
    </testcase>
    <testcase classname="readObject with erroneous filepath (trailing slash)" name="readObject with erroneous filepath (trailing slash)" time="0.012">
    </testcase>
  </testsuite>
  <testsuite name="readTree" errors="0" failures="0" skipped="0" timestamp="2025-10-28T23:15:58" time="0.443" tests="8">
    <testcase classname="readTree read a tree directly" name="readTree read a tree directly" time="0.103">
    </testcase>
    <testcase classname="readTree peels tags" name="readTree peels tags" time="0.046">
    </testcase>
    <testcase classname="readTree with simple filepath to tree" name="readTree with simple filepath to tree" time="0.036">
    </testcase>
    <testcase classname="readTree with deep filepath to tree" name="readTree with deep filepath to tree" time="0.019">
    </testcase>
    <testcase classname="readTree with erroneous filepath (directory is a file)" name="readTree with erroneous filepath (directory is a file)" time="0.022">
    </testcase>
    <testcase classname="readTree with erroneous filepath (no such directory)" name="readTree with erroneous filepath (no such directory)" time="0.02">
    </testcase>
    <testcase classname="readTree with erroneous filepath (leading slash)" name="readTree with erroneous filepath (leading slash)" time="0.016">
    </testcase>
    <testcase classname="readTree with erroneous filepath (trailing slash)" name="readTree with erroneous filepath (trailing slash)" time="0.013">
    </testcase>
  </testsuite>
  <testsuite name="git wire protocol" errors="0" failures="0" skipped="0" timestamp="2025-10-28T23:15:58" time="0.1" tests="12">
    <testcase classname="git wire protocol writeRefsAd" name="git wire protocol writeRefsAd" time="0.002">
    </testcase>
    <testcase classname="git wire protocol parseRefsAdResponse" name="git wire protocol parseRefsAdResponse" time="0.002">
    </testcase>
    <testcase classname="git wire protocol parseRefsAdResponse empty repo with capabilities" name="git wire protocol parseRefsAdResponse empty repo with capabilities" time="0.002">
    </testcase>
    <testcase classname="git wire protocol parseRefsAdResponse bad service" name="git wire protocol parseRefsAdResponse bad service" time="0.001">
    </testcase>
    <testcase classname="git wire protocol parseRefsAdResponse bad null separated" name="git wire protocol parseRefsAdResponse bad null separated" time="0">
    </testcase>
    <testcase classname="git wire protocol parseRefsAdResponse HEAD bad space separated" name="git wire protocol parseRefsAdResponse HEAD bad space separated" time="0.001">
    </testcase>
    <testcase classname="git wire protocol parseRefsAdResponse refs bad space separated" name="git wire protocol parseRefsAdResponse refs bad space separated" time="0.001">
    </testcase>
    <testcase classname="git wire protocol writeUploadPackRequest" name="git wire protocol writeUploadPackRequest" time="0.002">
    </testcase>
    <testcase classname="git wire protocol parseUploadPackRequest" name="git wire protocol parseUploadPackRequest" time="0.001">
    </testcase>
    <testcase classname="git wire protocol parseUploadPackResponse - simple clone" name="git wire protocol parseUploadPackResponse - simple clone" time="0.001">
    </testcase>
    <testcase classname="git wire protocol parseUploadPackResponse - no packetlines" name="git wire protocol parseUploadPackResponse - no packetlines" time="0.001">
    </testcase>
    <testcase classname="git wire protocol parseUploadPackResponse - incremental update (fetch)" name="git wire protocol parseUploadPackResponse - incremental update (fetch)" time="0">
    </testcase>
  </testsuite>
  <testsuite name="log" errors="0" failures="0" skipped="0" timestamp="2025-10-28T23:15:58" time="0.39" tests="6">
    <testcase classname="log HEAD" name="log HEAD" time="0.066">
    </testcase>
    <testcase classname="log HEAD depth" name="log HEAD depth" time="0.017">
    </testcase>
    <testcase classname="log HEAD since" name="log HEAD since" time="0.018">
    </testcase>
    <testcase classname="log shallow branch" name="log shallow branch" time="0.021">
    </testcase>
    <testcase classname="log has correct payloads and gpgsig" name="log has correct payloads and gpgsig" time="0.078">
    </testcase>
    <testcase classname="log with complex merging history" name="log with complex merging history" time="0.035">
    </testcase>
  </testsuite>
  <testsuite name="log" errors="0" failures="0" skipped="0" timestamp="2025-10-28T23:15:57" time="1.006" tests="8">
    <testcase classname="log a newly added file" name="log a newly added file" time="0.177">
    </testcase>
    <testcase classname="log a file only" name="log a file only" time="0.118">
    </testcase>
    <testcase classname="log a deleted file without force should throw error" name="log a deleted file without force should throw error" time="0.058">
    </testcase>
    <testcase classname="log a deleted file forced" name="log a deleted file forced" time="0.124">
    </testcase>
    <testcase classname="log a rename file with follow" name="log a rename file with follow" time="0.08">
    </testcase>
    <testcase classname="log a rename file forced without follow" name="log a rename file forced without follow" time="0.12">
    </testcase>
    <testcase classname="log a rename file with follow multi same content files" name="log a rename file with follow multi same content files" time="0.091">
    </testcase>
    <testcase classname="log a rename file2 with follow multi same content files" name="log a rename file2 with follow multi same content files" time="0.086">
    </testcase>
  </testsuite>
  <testsuite name="GitConfig" errors="0" failures="0" skipped="0" timestamp="2025-10-28T23:15:58" time="0.102" tests="57">
    <testcase classname="GitConfig get value simple (foo)" name="GitConfig get value simple (foo)" time="0.002">
    </testcase>
    <testcase classname="GitConfig get value simple (bar)" name="GitConfig get value simple (bar)" time="0">
    </testcase>
    <testcase classname="GitConfig get value implicit boolean value" name="GitConfig get value implicit boolean value" time="0.001">
    </testcase>
    <testcase classname="GitConfig get value section case insensitive" name="GitConfig get value section case insensitive" time="0">
    </testcase>
    <testcase classname="GitConfig get value subsection case sensitive" name="GitConfig get value subsection case sensitive" time="0.001">
    </testcase>
    <testcase classname="GitConfig get value variable name insensitive" name="GitConfig get value variable name insensitive" time="0">
    </testcase>
    <testcase classname="GitConfig get value last (when several)" name="GitConfig get value last (when several)" time="0">
    </testcase>
    <testcase classname="GitConfig get value multiple" name="GitConfig get value multiple" time="0.001">
    </testcase>
    <testcase classname="GitConfig get value multiple (case insensitive)" name="GitConfig get value multiple (case insensitive)" time="0">
    </testcase>
    <testcase classname="GitConfig get value subsection" name="GitConfig get value subsection" time="0.001">
    </testcase>
    <testcase classname="GitConfig handle comments lines starting with # or ;" name="GitConfig handle comments lines starting with # or ;" time="0">
    </testcase>
    <testcase classname="GitConfig handle comments variable lines with # or ; at the end (get)" name="GitConfig handle comments variable lines with # or ; at the end (get)" time="0.001">
    </testcase>
    <testcase classname="GitConfig handle comments variable lines with # or ; at the end (set)" name="GitConfig handle comments variable lines with # or ; at the end (set)" time="0.001">
    </testcase>
    <testcase classname="GitConfig handle comments ignore quoted # or ;" name="GitConfig handle comments ignore quoted # or ;" time="0">
    </testcase>
    <testcase classname="GitConfig handle quotes simple" name="GitConfig handle quotes simple" time="0">
    </testcase>
    <testcase classname="GitConfig handle quotes escaped" name="GitConfig handle quotes escaped" time="0">
    </testcase>
    <testcase classname="GitConfig handle quotes multiple" name="GitConfig handle quotes multiple" time="0">
    </testcase>
    <testcase classname="GitConfig handle quotes odd number of quotes" name="GitConfig handle quotes odd number of quotes" time="0.001">
    </testcase>
    <testcase classname="GitConfig handle quotes # in quoted values" name="GitConfig handle quotes # in quoted values" time="0">
    </testcase>
    <testcase classname="GitConfig handle quotes ; in quoted values" name="GitConfig handle quotes ; in quoted values" time="0">
    </testcase>
    <testcase classname="GitConfig handle quotes # after quoted values" name="GitConfig handle quotes # after quoted values" time="0">
    </testcase>
    <testcase classname="GitConfig handle quotes ; after quoted values" name="GitConfig handle quotes ; after quoted values" time="0">
    </testcase>
    <testcase classname="GitConfig get cast value using schema" name="GitConfig get cast value using schema" time="0.001">
    </testcase>
    <testcase classname="GitConfig get cast value special boolean" name="GitConfig get cast value special boolean" time="0.001">
    </testcase>
    <testcase classname="GitConfig get cast value numeric suffix" name="GitConfig get cast value numeric suffix" time="0">
    </testcase>
    <testcase classname="GitConfig insert new value existing section" name="GitConfig insert new value existing section" time="0">
    </testcase>
    <testcase classname="GitConfig insert new value existing section (case insensitive)" name="GitConfig insert new value existing section (case insensitive)" time="0">
    </testcase>
    <testcase classname="GitConfig insert new value existing subsection" name="GitConfig insert new value existing subsection" time="0.001">
    </testcase>
    <testcase classname="GitConfig insert new value existing subsection (case insensitive)" name="GitConfig insert new value existing subsection (case insensitive)" time="0">
    </testcase>
    <testcase classname="GitConfig insert new value existing subsection with dots in key" name="GitConfig insert new value existing subsection with dots in key" time="0">
    </testcase>
    <testcase classname="GitConfig insert new value new section" name="GitConfig insert new value new section" time="0">
    </testcase>
    <testcase classname="GitConfig insert new value new subsection" name="GitConfig insert new value new subsection" time="0">
    </testcase>
    <testcase classname="GitConfig insert new value new subsection with dots in key" name="GitConfig insert new value new subsection with dots in key" time="0">
    </testcase>
    <testcase classname="GitConfig insert new value new value with #" name="GitConfig insert new value new value with #" time="0">
    </testcase>
    <testcase classname="GitConfig insert new value new value with ;" name="GitConfig insert new value new value with ;" time="0">
    </testcase>
    <testcase classname="GitConfig replace value simple" name="GitConfig replace value simple" time="0">
    </testcase>
    <testcase classname="GitConfig replace value simple (case insensitive)" name="GitConfig replace value simple (case insensitive)" time="0">
    </testcase>
    <testcase classname="GitConfig replace value simple (case sensitive key)" name="GitConfig replace value simple (case sensitive key)" time="0.001">
    </testcase>
    <testcase classname="GitConfig replace value last (when several)" name="GitConfig replace value last (when several)" time="0">
    </testcase>
    <testcase classname="GitConfig replace value subsection" name="GitConfig replace value subsection" time="0">
    </testcase>
    <testcase classname="GitConfig append a value to existing key simple" name="GitConfig append a value to existing key simple" time="0">
    </testcase>
    <testcase classname="GitConfig append a value to existing key simple (case insensitive)" name="GitConfig append a value to existing key simple (case insensitive)" time="0">
    </testcase>
    <testcase classname="GitConfig append a value to existing key subsection" name="GitConfig append a value to existing key subsection" time="0">
    </testcase>
    <testcase classname="GitConfig remove value simple" name="GitConfig remove value simple" time="0.001">
    </testcase>
    <testcase classname="GitConfig remove value simple (case insensitive)" name="GitConfig remove value simple (case insensitive)" time="0">
    </testcase>
    <testcase classname="GitConfig remove value last (when several)" name="GitConfig remove value last (when several)" time="0">
    </testcase>
    <testcase classname="GitConfig remove value subsection" name="GitConfig remove value subsection" time="0">
    </testcase>
    <testcase classname="GitConfig handle errors get unknown key" name="GitConfig handle errors get unknown key" time="0">
    </testcase>
    <testcase classname="GitConfig handle errors get unknown section" name="GitConfig handle errors get unknown section" time="0">
    </testcase>
    <testcase classname="GitConfig handle errors get unknown subsection" name="GitConfig handle errors get unknown subsection" time="0">
    </testcase>
    <testcase classname="GitConfig handle errors section is only alphanum _ and . (get)" name="GitConfig handle errors section is only alphanum _ and . (get)" time="0">
    </testcase>
    <testcase classname="GitConfig handle errors section is only alphanum _ and . (set)" name="GitConfig handle errors section is only alphanum _ and . (set)" time="0">
    </testcase>
    <testcase classname="GitConfig handle errors variable name is only alphanum _ (get)" name="GitConfig handle errors variable name is only alphanum _ (get)" time="0">
    </testcase>
    <testcase classname="GitConfig handle errors variable name is only alphanum _ (set)" name="GitConfig handle errors variable name is only alphanum _ (set)" time="0">
    </testcase>
    <testcase classname="GitConfig get subsections simple" name="GitConfig get subsections simple" time="0.001">
    </testcase>
    <testcase classname="GitConfig delete section simple" name="GitConfig delete section simple" time="0">
    </testcase>
    <testcase classname="GitConfig delete section subsection" name="GitConfig delete section subsection" time="0">
    </testcase>
  </testsuite>
  <testsuite name="writeObject" errors="0" failures="0" skipped="0" timestamp="2025-10-28T23:15:58" time="0.196" tests="8">
    <testcase classname="writeObject parsed" name="writeObject parsed" time="0.022">
    </testcase>
    <testcase classname="writeObject content" name="writeObject content" time="0.006">
    </testcase>
    <testcase classname="writeObject wrapped" name="writeObject wrapped" time="0.01">
    </testcase>
    <testcase classname="writeObject deflated" name="writeObject deflated" time="0.004">
    </testcase>
    <testcase classname="writeObject blob with encoding" name="writeObject blob with encoding" time="0.005">
    </testcase>
    <testcase classname="writeObject tree" name="writeObject tree" time="0.007">
    </testcase>
    <testcase classname="writeObject tree entries sorted correctly" name="writeObject tree entries sorted correctly" time="0.006">
    </testcase>
    <testcase classname="writeObject annotated tag" name="writeObject annotated tag" time="0.004">
    </testcase>
  </testsuite>
  <testsuite name="walk" errors="0" failures="0" skipped="0" timestamp="2025-10-28T23:15:58" time="0.308" tests="3">
    <testcase classname="walk can walk using WORKDIR, TREE, and STAGE" name="walk can walk using WORKDIR, TREE, and STAGE" time="0.059">
    </testcase>
    <testcase classname="walk can populate type, mode, oid, and content" name="walk can populate type, mode, oid, and content" time="0.048">
    </testcase>
    <testcase classname="walk autocrlf respected when gitconfig changes" name="walk autocrlf respected when gitconfig changes" time="0.091">
    </testcase>
  </testsuite>
  <testsuite name="add" errors="0" failures="0" skipped="0" timestamp="2025-10-28T23:15:59" time="0.643" tests="17">
    <testcase classname="add file" name="add file" time="0.044">
    </testcase>
    <testcase classname="add multiple files" name="add multiple files" time="0.021">
    </testcase>
    <testcase classname="add multiple files with parallel=false" name="add multiple files with parallel=false" time="0.02">
    </testcase>
    <testcase classname="add multiple files with one failure (normal error)" name="add multiple files with one failure (normal error)" time="0.016">
    </testcase>
    <testcase classname="add multiple files with 2 failures (MultipleGitError) and an ignored file" name="add multiple files with 2 failures (MultipleGitError) and an ignored file" time="0.018">
    </testcase>
    <testcase classname="add multiple files with 1 ignored" name="add multiple files with 1 ignored" time="0.017">
    </testcase>
    <testcase classname="add multiple files with 1 ignored and force:true" name="add multiple files with 1 ignored and force:true" time="0.015">
    </testcase>
    <testcase classname="add symlink" name="add symlink" time="0.023">
    </testcase>
    <testcase classname="add ignored file" name="add ignored file" time="0.014">
    </testcase>
    <testcase classname="add ignored file but with force=true" name="add ignored file but with force=true" time="0.019">
    </testcase>
    <testcase classname="add non-existant file" name="add non-existant file" time="0.012">
    </testcase>
    <testcase classname="add folder" name="add folder" time="0.02">
    </testcase>
    <testcase classname="add folder with .gitignore" name="add folder with .gitignore" time="0.02">
    </testcase>
    <testcase classname="add folder with .gitignore and force" name="add folder with .gitignore and force" time="0.018">
    </testcase>
    <testcase classname="add git add ." name="add git add ." time="0.024">
    </testcase>
    <testcase classname="add git add . with parallel=false" name="add git add . with parallel=false" time="0.039">
    </testcase>
    <testcase classname="add git add . with core.autocrlf=true does not break binary files" name="add git add . with core.autocrlf=true does not break binary files" time="0.203">
    </testcase>
  </testsuite>
  <testsuite name="GitPackIndex" errors="0" failures="0" skipped="0" timestamp="2025-10-28T23:15:59" time="1.003" tests="6">
    <testcase classname="GitPackIndex from .idx" name="GitPackIndex from .idx" time="0.021">
    </testcase>
    <testcase classname="GitPackIndex from .pack" name="GitPackIndex from .pack" time="0.463">
    </testcase>
    <testcase classname="GitPackIndex from .pack when pack is truncated" name="GitPackIndex from .pack when pack is truncated" time="0.009">
    </testcase>
    <testcase classname="GitPackIndex to .idx file from .pack" name="GitPackIndex to .idx file from .pack" time="0.385">
    </testcase>
    <testcase classname="GitPackIndex read undeltified object" name="GitPackIndex read undeltified object" time="0.009">
    </testcase>
    <testcase classname="GitPackIndex read deltified object" name="GitPackIndex read deltified object" time="0.01">
    </testcase>
  </testsuite>
  <testsuite name="abortMerge" errors="0" failures="0" skipped="0" timestamp="2025-10-28T23:15:59" time="0.669" tests="7">
    <testcase classname="abortMerge write conflicted files to index at different stages" name="abortMerge write conflicted files to index at different stages" time="0.111">
    </testcase>
    <testcase classname="abortMerge abort merge without touching anything" name="abortMerge abort merge without touching anything" time="0.087">
    </testcase>
    <testcase classname="abortMerge abort merge after modifying files in a directory" name="abortMerge abort merge after modifying files in a directory" time="0.08">
    </testcase>
    <testcase classname="abortMerge abort merge after modifying files" name="abortMerge abort merge after modifying files" time="0.09">
    </testcase>
    <testcase classname="abortMerge uncache a file that has changes in the workdir (throw an error)" name="abortMerge uncache a file that has changes in the workdir (throw an error)" time="0.058">
    </testcase>
    <testcase classname="abortMerge workdir != index &amp;&amp; index != head [stage a file and them modify in workdir] (throw an error)" name="abortMerge workdir != index &amp;&amp; index != head [stage a file and them modify in workdir] (throw an error)" time="0.068">
    </testcase>
    <testcase classname="abortMerge workdir != index &amp;&amp; index === head (keep our changes)" name="abortMerge workdir != index &amp;&amp; index === head (keep our changes)" time="0.074">
    </testcase>
  </testsuite>
  <testsuite name="checkout" errors="0" failures="0" skipped="0" timestamp="2025-10-28T23:15:56" time="4.225" tests="19">
    <testcase classname="checkout checkout" name="checkout checkout" time="0.178">
    </testcase>
    <testcase classname="checkout checkout by tag" name="checkout checkout by tag" time="0.047">
    </testcase>
    <testcase classname="checkout checkout by SHA" name="checkout checkout by SHA" time="0.044">
    </testcase>
    <testcase classname="checkout checkout unfetched branch" name="checkout checkout unfetched branch" time="0.052">
    </testcase>
    <testcase classname="checkout checkout file permissions" name="checkout checkout file permissions" time="0.146">
    </testcase>
    <testcase classname="checkout checkout changing file permissions" name="checkout checkout changing file permissions" time="0.064">
    </testcase>
    <testcase classname="checkout checkout directories using filepaths" name="checkout checkout directories using filepaths" time="0.031">
    </testcase>
    <testcase classname="checkout checkout files using filepaths" name="checkout checkout files using filepaths" time="0.027">
    </testcase>
    <testcase classname="checkout checkout detects conflicts" name="checkout checkout detects conflicts" time="0.029">
    </testcase>
    <testcase classname="checkout checkout files ignoring conflicts dry run" name="checkout checkout files ignoring conflicts dry run" time="0.025">
    </testcase>
    <testcase classname="checkout checkout files ignoring conflicts" name="checkout checkout files ignoring conflicts" time="0.05">
    </testcase>
    <testcase classname="checkout restore files to HEAD state by not providing a ref" name="checkout restore files to HEAD state by not providing a ref" time="0.101">
    </testcase>
    <testcase classname="checkout checkout files should not delete other files" name="checkout checkout files should not delete other files" time="0.066">
    </testcase>
    <testcase classname="checkout should setup the remote tracking branch by default" name="checkout should setup the remote tracking branch by default" time="0.814">
    </testcase>
    <testcase classname="checkout should setup the remote tracking branch with `track: true`" name="checkout should setup the remote tracking branch with `track: true`" time="0.54">
    </testcase>
    <testcase classname="checkout should not setup the remote tracking branch with `track: false`" name="checkout should not setup the remote tracking branch with `track: false`" time="0.474">
    </testcase>
    <testcase classname="checkout onPostCheckout dry run" name="checkout onPostCheckout dry run" time="0.036">
    </testcase>
    <testcase classname="checkout onPostCheckout with specified filepaths" name="checkout onPostCheckout with specified filepaths" time="0.07">
    </testcase>
    <testcase classname="checkout checkout should not delete ignored files" name="checkout checkout should not delete ignored files" time="0.114">
    </testcase>
  </testsuite>
  <testsuite name="GitRefManager" errors="0" failures="0" skipped="0" timestamp="2025-10-28T23:16:00" time="0.697" tests="5">
    <testcase classname="GitRefManager packedRefs" name="GitRefManager packedRefs" time="0.037">
    </testcase>
    <testcase classname="GitRefManager listRefs" name="GitRefManager listRefs" time="0.009">
    </testcase>
    <testcase classname="GitRefManager listBranches" name="GitRefManager listBranches" time="0.008">
    </testcase>
    <testcase classname="GitRefManager listTags" name="GitRefManager listTags" time="0.006">
    </testcase>
    <testcase classname="GitRefManager concurrently reading/writing a ref should not cause a NotFoundError resolving it" name="GitRefManager concurrently reading/writing a ref should not cause a NotFoundError resolving it" time="0.575">
    </testcase>
  </testsuite>
  <testsuite name="statusMatrix" errors="0" failures="0" skipped="0" timestamp="2025-10-28T23:16:00" time="0.592" tests="18">
    <testcase classname="statusMatrix statusMatrix" name="statusMatrix statusMatrix" time="0.136">
    </testcase>
    <testcase classname="statusMatrix statusMatrix in an fresh git repo with no commits" name="statusMatrix statusMatrix in an fresh git repo with no commits" time="0.033">
    </testcase>
    <testcase classname="statusMatrix statusMatrix in an fresh git repo with no commits and .gitignore" name="statusMatrix statusMatrix in an fresh git repo with no commits and .gitignore" time="0.02">
    </testcase>
    <testcase classname="statusMatrix does not return ignored files already in the index" name="statusMatrix does not return ignored files already in the index" time="0.018">
    </testcase>
    <testcase classname="statusMatrix returns ignored files already in the index if ignored:true" name="statusMatrix returns ignored files already in the index if ignored:true" time="0.02">
    </testcase>
    <testcase classname="statusMatrix ignored:true works with multiple added files " name="statusMatrix ignored:true works with multiple added files " time="0.02">
    </testcase>
    <testcase classname="statusMatrix ignored:true works supports multiple filepaths base case: no filepaths" name="statusMatrix ignored:true works supports multiple filepaths base case: no filepaths" time="0.004">
    </testcase>
    <testcase classname="statusMatrix ignored:true works supports multiple filepaths filepaths on ignored folder should return empty" name="statusMatrix ignored:true works supports multiple filepaths filepaths on ignored folder should return empty" time="0.008">
    </testcase>
    <testcase classname="statusMatrix ignored:true works supports multiple filepaths shows nonignored file and folder" name="statusMatrix ignored:true works supports multiple filepaths shows nonignored file and folder" time="0.007">
    </testcase>
    <testcase classname="statusMatrix ignored:true works supports multiple filepaths filepaths on ignored folder and non-ignored file should show all files with ignored:true " name="statusMatrix ignored:true works supports multiple filepaths filepaths on ignored folder and non-ignored file should show all files with ignored:true " time="0.004">
    </testcase>
    <testcase classname="statusMatrix ignored:true works supports multiple filepaths all files, ignored:true, test order permutation file, ignored, notignored" name="statusMatrix ignored:true works supports multiple filepaths all files, ignored:true, test order permutation file, ignored, notignored" time="0.005">
    </testcase>
    <testcase classname="statusMatrix ignored:true works supports multiple filepaths all files, ignored:true, test order permutation ignored, notignored, file" name="statusMatrix ignored:true works supports multiple filepaths all files, ignored:true, test order permutation ignored, notignored, file" time="0.004">
    </testcase>
    <testcase classname="statusMatrix ignored:true works supports multiple filepaths all files, ignored:true, test order permutation notignored, ignored, file" name="statusMatrix ignored:true works supports multiple filepaths all files, ignored:true, test order permutation notignored, ignored, file" time="0.005">
    </testcase>
    <testcase classname="statusMatrix ignored: true has no impact when file is already in index" name="statusMatrix ignored: true has no impact when file is already in index" time="0.023">
    </testcase>
    <testcase classname="statusMatrix statusMatrix with filepaths" name="statusMatrix statusMatrix with filepaths" time="0.056">
    </testcase>
    <testcase classname="statusMatrix statusMatrix with filter" name="statusMatrix statusMatrix with filter" time="0.043">
    </testcase>
    <testcase classname="statusMatrix statusMatrix with removed folder and created file with same name" name="statusMatrix statusMatrix with removed folder and created file with same name" time="0.033">
    </testcase>
    <testcase classname="statusMatrix statusMatrix with removed file and created folder with same name" name="statusMatrix statusMatrix with removed file and created folder with same name" time="0.035">
    </testcase>
  </testsuite>
  <testsuite name="merge" errors="0" failures="0" skipped="0" timestamp="2025-10-28T23:15:56" time="4.356" tests="36">
    <testcase classname="merge prevent merge if index has unmerged paths" name="merge prevent merge if index has unmerged paths" time="0.168">
    </testcase>
    <testcase classname="merge merge master into master" name="merge merge master into master" time="0.132">
    </testcase>
    <testcase classname="merge merge medium into master" name="merge merge medium into master" time="0.096">
    </testcase>
    <testcase classname="merge merge oldest into master" name="merge merge oldest into master" time="0.098">
    </testcase>
    <testcase classname="merge merge newest into master" name="merge merge newest into master" time="0.096">
    </testcase>
    <testcase classname="merge merge no fast-forward" name="merge merge no fast-forward" time="0.046">
    </testcase>
    <testcase classname="merge merge newest into master --dryRun (no author needed since fastForward)" name="merge merge newest into master --dryRun (no author needed since fastForward)" time="0.076">
    </testcase>
    <testcase classname="merge merge newest into master --noUpdateBranch" name="merge merge newest into master --noUpdateBranch" time="0.086">
    </testcase>
    <testcase classname="merge merge &apos;add-files&apos; and &apos;remove-files&apos;" name="merge merge &apos;add-files&apos; and &apos;remove-files&apos;" time="0.114">
    </testcase>
    <testcase classname="merge merge &apos;remove-files&apos; and &apos;add-files&apos;" name="merge merge &apos;remove-files&apos; and &apos;add-files&apos;" time="0.106">
    </testcase>
    <testcase classname="merge merge &apos;delete-first-half&apos; and &apos;delete-second-half&apos; (dryRun, missing author)" name="merge merge &apos;delete-first-half&apos; and &apos;delete-second-half&apos; (dryRun, missing author)" time="0.063">
    </testcase>
    <testcase classname="merge merge &apos;delete-first-half&apos; and &apos;delete-second-half&apos; (dryRun)" name="merge merge &apos;delete-first-half&apos; and &apos;delete-second-half&apos; (dryRun)" time="0.097">
    </testcase>
    <testcase classname="merge merge &apos;delete-first-half&apos; and &apos;delete-second-half&apos; (noUpdateBranch)" name="merge merge &apos;delete-first-half&apos; and &apos;delete-second-half&apos; (noUpdateBranch)" time="0.082">
    </testcase>
    <testcase classname="merge merge &apos;delete-first-half&apos; and &apos;delete-second-half&apos;" name="merge merge &apos;delete-first-half&apos; and &apos;delete-second-half&apos;" time="0.089">
    </testcase>
    <testcase classname="merge merge &apos;a-file&apos; and &apos;a-folder&apos;" name="merge merge &apos;a-file&apos; and &apos;a-folder&apos;" time="0.066">
    </testcase>
    <testcase classname="merge merge &apos;g&apos; and &apos;g-delete-file&apos; (delete by theirs)" name="merge merge &apos;g&apos; and &apos;g-delete-file&apos; (delete by theirs)" time="0.076">
    </testcase>
    <testcase classname="merge merge &apos;g-delete-file&apos; and &apos;g&apos; (delete by us)" name="merge merge &apos;g-delete-file&apos; and &apos;g&apos; (delete by us)" time="0.083">
    </testcase>
    <testcase classname="merge merge &apos;i&apos; and &apos;i-delete-both&apos; (delete by both)" name="merge merge &apos;i&apos; and &apos;i-delete-both&apos; (delete by both)" time="0.071">
    </testcase>
    <testcase classname="merge merge two branches that modified the same file (no conflict)&apos;" name="merge merge two branches that modified the same file (no conflict)&apos;" time="0.077">
    </testcase>
    <testcase classname="merge merge two branches where one modified file and the other modified file mode&apos;" name="merge merge two branches where one modified file and the other modified file mode&apos;" time="0.097">
    </testcase>
    <testcase classname="merge merge two branches that modified the same file, no conflict resolver (should conflict)&apos;" name="merge merge two branches that modified the same file, no conflict resolver (should conflict)&apos;" time="0.094">
    </testcase>
    <testcase classname="merge merge two branches that modified the same file, no conflict resolver, don&apos;t update worktree&apos;" name="merge merge two branches that modified the same file, no conflict resolver, don&apos;t update worktree&apos;" time="0.097">
    </testcase>
    <testcase classname="merge merge two branches that modified the same file, custom conflict resolver (prefer our changes)&apos;" name="merge merge two branches that modified the same file, custom conflict resolver (prefer our changes)&apos;" time="0.101">
    </testcase>
    <testcase classname="merge merge two branches that modified the same file, custom conflict resolver (prefer their changes)&apos;" name="merge merge two branches that modified the same file, custom conflict resolver (prefer their changes)&apos;" time="0.105">
    </testcase>
    <testcase classname="merge merge two branches that modified the same file, custom conflict resolver (prefer our file)&apos;" name="merge merge two branches that modified the same file, custom conflict resolver (prefer our file)&apos;" time="0.075">
    </testcase>
    <testcase classname="merge merge two branches that modified the same file, custom conflict resolver (prefer their file)&apos;" name="merge merge two branches that modified the same file, custom conflict resolver (prefer their file)&apos;" time="0.1">
    </testcase>
    <testcase classname="merge merge two branches that modified the same file, custom conflict resolver (prefer base file)&apos;" name="merge merge two branches that modified the same file, custom conflict resolver (prefer base file)&apos;" time="0.104">
    </testcase>
    <testcase classname="merge merge two branches that modified the same file, manual conflict resolution&apos;" name="merge merge two branches that modified the same file, manual conflict resolution&apos;" time="0.132">
    </testcase>
    <testcase classname="merge merge two branches where ours adds a new file and theirs deletes a file" name="merge merge two branches where ours adds a new file and theirs deletes a file" time="0.038">
    </testcase>
    <testcase classname="merge merge two branches where ours deletes a file and theirs adds a new file" name="merge merge two branches where ours deletes a file and theirs adds a new file" time="0.048">
    </testcase>
    <testcase classname="merge merge preserves nested directory structure when combining unrelated changes" name="merge merge preserves nested directory structure when combining unrelated changes" time="0.045">
    </testcase>
    <testcase classname="merge merge two branches where both ours and theirs delete the same file" name="merge merge two branches where both ours and theirs delete the same file" time="0.054">
    </testcase>
    <testcase classname="merge merge two branches with unrelated histories where they add 2 files having different name" name="merge merge two branches with unrelated histories where they add 2 files having different name" time="0.083">
    </testcase>
    <testcase classname="merge merge two branches with unrelated histories where they add 2 files having same name" name="merge merge two branches with unrelated histories where they add 2 files having same name" time="0.06">
    </testcase>
    <testcase classname="merge merge two branches with unrelated histories where they add files in nested directories" name="merge merge two branches with unrelated histories where they add files in nested directories" time="0.062">
    </testcase>
    <testcase classname="merge merge two branches with unrelated histories where they add files with same path in nested directories" name="merge merge two branches with unrelated histories where they add files with same path in nested directories" time="0.064">
    </testcase>
  </testsuite>
  <testsuite name="commit" errors="0" failures="0" skipped="0" timestamp="2025-10-28T23:16:00" time="0.536" tests="14">
    <testcase classname="commit prevent commit if index has unmerged paths" name="commit prevent commit if index has unmerged paths" time="0.053">
    </testcase>
    <testcase classname="commit commit" name="commit commit" time="0.033">
    </testcase>
    <testcase classname="commit Initial commit" name="commit Initial commit" time="0.037">
    </testcase>
    <testcase classname="commit Cannot commit without message" name="commit Cannot commit without message" time="0.008">
    </testcase>
    <testcase classname="commit without updating branch" name="commit without updating branch" time="0.03">
    </testcase>
    <testcase classname="commit dry run" name="commit dry run" time="0.027">
    </testcase>
    <testcase classname="commit custom ref" name="commit custom ref" time="0.025">
    </testcase>
    <testcase classname="commit custom parents and tree" name="commit custom parents and tree" time="0.024">
    </testcase>
    <testcase classname="commit throw error if missing author" name="commit throw error if missing author" time="0.012">
    </testcase>
    <testcase classname="commit create signed commit" name="commit create signed commit" time="0.042">
    </testcase>
    <testcase classname="commit with timezone" name="commit with timezone" time="0.054">
    </testcase>
    <testcase classname="commit commit amend (new message)" name="commit commit amend (new message)" time="0.029">
    </testcase>
    <testcase classname="commit commit amend (change author, keep message)" name="commit commit amend (change author, keep message)" time="0.035">
    </testcase>
    <testcase classname="commit Cannot amend without an initial commit" name="commit Cannot amend without an initial commit" time="0.011">
    </testcase>
  </testsuite>
  <testsuite name="huge repo clone and checkout" errors="0" failures="0" skipped="0" timestamp="2025-10-28T23:15:58" time="1.947" tests="1">
    <testcase classname="huge repo clone and checkout clone from git-http-mock-server with non-blocking optimization for repo with 1k files" name="huge repo clone and checkout clone from git-http-mock-server with non-blocking optimization for repo with 1k files" time="1.819">
    </testcase>
  </testsuite>
  <testsuite name="findMergeBase" errors="0" failures="0" skipped="0" timestamp="2025-10-28T23:16:00" time="0.325" tests="7">
    <testcase classname="findMergeBase silly edge cases" name="findMergeBase silly edge cases" time="0.027">
    </testcase>
    <testcase classname="findMergeBase no common ancestor scenarios" name="findMergeBase no common ancestor scenarios" time="0.028">
    </testcase>
    <testcase classname="findMergeBase fast-forward scenarios" name="findMergeBase fast-forward scenarios" time="0.041">
    </testcase>
    <testcase classname="findMergeBase diverging scenarios" name="findMergeBase diverging scenarios" time="0.044">
    </testcase>
    <testcase classname="findMergeBase merge commit scenarios" name="findMergeBase merge commit scenarios" time="0.035">
    </testcase>
    <testcase classname="findMergeBase recursive merge base scenarios" name="findMergeBase recursive merge base scenarios" time="0.017">
    </testcase>
    <testcase classname="findMergeBase fork &amp; rejoin in one branch base scenarios" name="findMergeBase fork &amp; rejoin in one branch base scenarios" time="0.032">
    </testcase>
  </testsuite>
  <testsuite name="addNote" errors="0" failures="0" skipped="0" timestamp="2025-10-28T23:16:00" time="0.375" tests="7">
    <testcase classname="addNote to a commit" name="addNote to a commit" time="0.046">
    </testcase>
    <testcase classname="addNote to a tree" name="addNote to a tree" time="0.032">
    </testcase>
    <testcase classname="addNote to a blob" name="addNote to a blob" time="0.03">
    </testcase>
    <testcase classname="addNote consecutive notes accumulate" name="addNote consecutive notes accumulate" time="0.066">
    </testcase>
    <testcase classname="addNote can add a note to a different branch" name="addNote can add a note to a different branch" time="0.026">
    </testcase>
    <testcase classname="addNote throws if note already exists" name="addNote throws if note already exists" time="0.03">
    </testcase>
    <testcase classname="addNote replaces existing note with --force" name="addNote replaces existing note with --force" time="0.044">
    </testcase>
  </testsuite>
  <testsuite name="unicode filepath support" errors="0" failures="0" skipped="0" timestamp="2025-10-28T23:16:00" time="0.303" tests="6">
    <testcase classname="unicode filepath support write/read index 日本語" name="unicode filepath support write/read index 日本語" time="0.031">
    </testcase>
    <testcase classname="unicode filepath support write/read index docs/日本語" name="unicode filepath support write/read index docs/日本語" time="0.031">
    </testcase>
    <testcase classname="unicode filepath support write/read commit 日本語" name="unicode filepath support write/read commit 日本語" time="0.031">
    </testcase>
    <testcase classname="unicode filepath support write/read tree 日本語" name="unicode filepath support write/read tree 日本語" time="0.03">
    </testcase>
    <testcase classname="unicode filepath support checkout 日本語" name="unicode filepath support checkout 日本語" time="0.042">
    </testcase>
    <testcase classname="unicode filepath support checkout docs/日本語" name="unicode filepath support checkout docs/日本語" time="0.04">
    </testcase>
  </testsuite>
  <testsuite name="branch" errors="0" failures="0" skipped="0" timestamp="2025-10-28T23:16:00" time="0.293" tests="10">
    <testcase classname="branch branch" name="branch branch" time="0.043">
    </testcase>
    <testcase classname="branch branch with start point" name="branch branch with start point" time="0.03">
    </testcase>
    <testcase classname="branch branch force" name="branch branch force" time="0.014">
    </testcase>
    <testcase classname="branch branch with start point force" name="branch branch with start point force" time="0.024">
    </testcase>
    <testcase classname="branch branch --checkout" name="branch branch --checkout" time="0.015">
    </testcase>
    <testcase classname="branch invalid branch name" name="branch invalid branch name" time="0.013">
    </testcase>
    <testcase classname="branch missing ref argument" name="branch missing ref argument" time="0.009">
    </testcase>
    <testcase classname="branch empty repo" name="branch empty repo" time="0.011">
    </testcase>
    <testcase classname="branch create branch with same name as a remote" name="branch create branch with same name as a remote" time="0.013">
    </testcase>
    <testcase classname="branch create branch named &quot;HEAD&quot;" name="branch create branch named &quot;HEAD&quot;" time="0.02">
    </testcase>
  </testsuite>
  <testsuite name="status" errors="0" failures="0" skipped="0" timestamp="2025-10-28T23:16:01" time="0.311" tests="2">
    <testcase classname="status status" name="status status" time="0.178">
    </testcase>
    <testcase classname="status status in an fresh git repo with no commits" name="status status in an fresh git repo with no commits" time="0.019">
    </testcase>
  </testsuite>
  <testsuite name="updateIndex" errors="0" failures="0" skipped="0" timestamp="2025-10-28T23:16:00" time="0.63" tests="11">
    <testcase classname="updateIndex should be possible to add a file on disk to the index" name="updateIndex should be possible to add a file on disk to the index" time="0.044">
    </testcase>
    <testcase classname="updateIndex should be possible to remove a file from the index which is not present in the workdir" name="updateIndex should be possible to remove a file from the index which is not present in the workdir" time="0.019">
    </testcase>
    <testcase classname="updateIndex should not remove file from index by default if file still exists in workdir" name="updateIndex should not remove file from index by default if file still exists in workdir" time="0.035">
    </testcase>
    <testcase classname="updateIndex should remove file from index which exists on disk if force is used" name="updateIndex should remove file from index which exists on disk if force is used" time="0.019">
    </testcase>
    <testcase classname="updateIndex should be possible to add a file from the object database to the index" name="updateIndex should be possible to add a file from the object database to the index" time="0.016">
    </testcase>
    <testcase classname="updateIndex should be possible to update a file" name="updateIndex should be possible to update a file" time="0.021">
    </testcase>
    <testcase classname="updateIndex should throw if we try to update a new file without providing `add`" name="updateIndex should throw if we try to update a new file without providing `add`" time="0.026">
    </testcase>
    <testcase classname="updateIndex should throw if we try to update a file which does not exist on disk" name="updateIndex should throw if we try to update a file which does not exist on disk" time="0.019">
    </testcase>
    <testcase classname="updateIndex should throw if we try to add a directory" name="updateIndex should throw if we try to add a directory" time="0.011">
    </testcase>
    <testcase classname="updateIndex should throw if we try to remove a directory" name="updateIndex should throw if we try to remove a directory" time="0.018">
    </testcase>
    <testcase classname="updateIndex should not throw if we force remove a directory" name="updateIndex should not throw if we force remove a directory" time="0.019">
    </testcase>
  </testsuite>
  <testsuite name="writeBlob" errors="0" failures="0" skipped="0" timestamp="2025-10-28T23:16:01" time="0.155" tests="2">
    <testcase classname="writeBlob empty blob" name="writeBlob empty blob" time="0.03">
    </testcase>
    <testcase classname="writeBlob blob" name="writeBlob blob" time="0.006">
    </testcase>
  </testsuite>
  <testsuite name="renameBranch" errors="0" failures="0" skipped="0" timestamp="2025-10-28T23:16:01" time="0.252" tests="8">
    <testcase classname="renameBranch branch already exists" name="renameBranch branch already exists" time="0.023">
    </testcase>
    <testcase classname="renameBranch invalid new branch name" name="renameBranch invalid new branch name" time="0.011">
    </testcase>
    <testcase classname="renameBranch invalid old branch name" name="renameBranch invalid old branch name" time="0.011">
    </testcase>
    <testcase classname="renameBranch missing ref argument" name="renameBranch missing ref argument" time="0.012">
    </testcase>
    <testcase classname="renameBranch missing oldref argument" name="renameBranch missing oldref argument" time="0.012">
    </testcase>
    <testcase classname="renameBranch rename branch" name="renameBranch rename branch" time="0.015">
    </testcase>
    <testcase classname="renameBranch rename branch and checkout" name="renameBranch rename branch and checkout" time="0.018">
    </testcase>
    <testcase classname="renameBranch rename current branch" name="renameBranch rename current branch" time="0.032">
    </testcase>
  </testsuite>
  <testsuite name="readBlob" errors="0" failures="0" skipped="0" timestamp="2025-10-28T23:16:01" time="0.35" tests="10">
    <testcase classname="readBlob test missing" name="readBlob test missing" time="0.047">
    </testcase>
    <testcase classname="readBlob blob" name="readBlob blob" time="0.022">
    </testcase>
    <testcase classname="readBlob peels tags" name="readBlob peels tags" time="0.023">
    </testcase>
    <testcase classname="readBlob with simple filepath to blob" name="readBlob with simple filepath to blob" time="0.015">
    </testcase>
    <testcase classname="readBlob with deep filepath to blob" name="readBlob with deep filepath to blob" time="0.03">
    </testcase>
    <testcase classname="readBlob with simple filepath to tree" name="readBlob with simple filepath to tree" time="0.023">
    </testcase>
    <testcase classname="readBlob with erroneous filepath (directory is a file)" name="readBlob with erroneous filepath (directory is a file)" time="0.019">
    </testcase>
    <testcase classname="readBlob with erroneous filepath (no such directory)" name="readBlob with erroneous filepath (no such directory)" time="0.025">
    </testcase>
    <testcase classname="readBlob with erroneous filepath (leading slash)" name="readBlob with erroneous filepath (leading slash)" time="0.017">
    </testcase>
    <testcase classname="readBlob with erroneous filepath (trailing slash)" name="readBlob with erroneous filepath (trailing slash)" time="0.016">
    </testcase>
  </testsuite>
  <testsuite name="packObjects" errors="0" failures="0" skipped="0" timestamp="2025-10-28T23:16:01" time="0.294" tests="2">
    <testcase classname="packObjects makes a packfile" name="packObjects makes a packfile" time="0.077">
    </testcase>
    <testcase classname="packObjects save packfile" name="packObjects save packfile" time="0.092">
    </testcase>
  </testsuite>
  <testsuite name="resetIndex" errors="0" failures="0" skipped="0" timestamp="2025-10-28T23:16:01" time="0.238" tests="4">
    <testcase classname="resetIndex modified" name="resetIndex modified" time="0.053">
    </testcase>
    <testcase classname="resetIndex new file" name="resetIndex new file" time="0.018">
    </testcase>
    <testcase classname="resetIndex new repository" name="resetIndex new repository" time="0.015">
    </testcase>
    <testcase classname="resetIndex oid" name="resetIndex oid" time="0.047">
    </testcase>
  </testsuite>
  <testsuite name="deleteBranch" errors="0" failures="0" skipped="0" timestamp="2025-10-28T23:16:01" time="0.202" tests="6">
    <testcase classname="deleteBranch delete branch" name="deleteBranch delete branch" time="0.027">
    </testcase>
    <testcase classname="deleteBranch deletes the branch when an identically named tag exists" name="deleteBranch deletes the branch when an identically named tag exists" time="0.018">
    </testcase>
    <testcase classname="deleteBranch branch not exist" name="deleteBranch branch not exist" time="0.016">
    </testcase>
    <testcase classname="deleteBranch missing ref argument" name="deleteBranch missing ref argument" time="0.012">
    </testcase>
    <testcase classname="deleteBranch checked out branch" name="deleteBranch checked out branch" time="0.016">
    </testcase>
    <testcase classname="deleteBranch delete branch and its entry in config" name="deleteBranch delete branch and its entry in config" time="0.015">
    </testcase>
  </testsuite>
  <testsuite name="GitIndex" errors="0" failures="0" skipped="0" timestamp="2025-10-28T23:16:01" time="0.148" tests="5">
    <testcase classname="GitIndex GitIndex.from(buffer) - Simple" name="GitIndex GitIndex.from(buffer) - Simple" time="0.017">
    </testcase>
    <testcase classname="GitIndex GitIndex.from(buffer)" name="GitIndex GitIndex.from(buffer)" time="0.013">
    </testcase>
    <testcase classname="GitIndex GitIndex round trip" name="GitIndex GitIndex round trip" time="0.007">
    </testcase>
    <testcase classname="GitIndex write unmerged index to disk and read it back" name="GitIndex write unmerged index to disk and read it back" time="0.009">
    </testcase>
    <testcase classname="GitIndex read existing unmerged index" name="GitIndex read existing unmerged index" time="0.03">
    </testcase>
  </testsuite>
  <testsuite name="resolveRef" errors="0" failures="0" skipped="0" timestamp="2025-10-28T23:16:01" time="0.277" tests="8">
    <testcase classname="resolveRef 1e40fdfba1cf17f3c9f9f3d6b392b1865e5147b9" name="resolveRef 1e40fdfba1cf17f3c9f9f3d6b392b1865e5147b9" time="0.031">
    </testcase>
    <testcase classname="resolveRef test-branch" name="resolveRef test-branch" time="0.02">
    </testcase>
    <testcase classname="resolveRef config" name="resolveRef config" time="0.018">
    </testcase>
    <testcase classname="resolveRef test-tag" name="resolveRef test-tag" time="0.017">
    </testcase>
    <testcase classname="resolveRef HEAD" name="resolveRef HEAD" time="0.018">
    </testcase>
    <testcase classname="resolveRef HEAD depth" name="resolveRef HEAD depth" time="0.014">
    </testcase>
    <testcase classname="resolveRef packed-refs" name="resolveRef packed-refs" time="0.023">
    </testcase>
    <testcase classname="resolveRef non-existant refs" name="resolveRef non-existant refs" time="0.017">
    </testcase>
  </testsuite>
  <testsuite name="annotatedTag" errors="0" failures="0" skipped="0" timestamp="2025-10-28T23:16:01" time="0.218" tests="3">
    <testcase classname="annotatedTag creates an annotated tag to HEAD" name="annotatedTag creates an annotated tag to HEAD" time="0.028">
    </testcase>
    <testcase classname="annotatedTag creates an annotated tag pointing to a blob" name="annotatedTag creates an annotated tag pointing to a blob" time="0.012">
    </testcase>
    <testcase classname="annotatedTag creates a signed tag to HEAD" name="annotatedTag creates a signed tag to HEAD" time="0.068">
    </testcase>
  </testsuite>
  <testsuite name="expandOid" errors="0" failures="0" skipped="0" timestamp="2025-10-28T23:16:01" time="0.215" tests="5">
    <testcase classname="expandOid expand short oid" name="expandOid expand short oid" time="0.024">
    </testcase>
    <testcase classname="expandOid expand short oid (not found)" name="expandOid expand short oid (not found)" time="0.018">
    </testcase>
    <testcase classname="expandOid expand short oid (ambiguous)" name="expandOid expand short oid (ambiguous)" time="0.016">
    </testcase>
    <testcase classname="expandOid expand short oid from packfile" name="expandOid expand short oid from packfile" time="0.016">
    </testcase>
    <testcase classname="expandOid expand short oid from packfile and loose" name="expandOid expand short oid from packfile and loose" time="0.017">
    </testcase>
  </testsuite>
  <testsuite name="abort stash" errors="0" failures="0" skipped="0" timestamp="2025-10-28T23:15:56" time="5.724" tests="48">
    <testcase classname="abort stash stash without user" name="abort stash stash without user" time="0.126">
    </testcase>
    <testcase classname="abort stash stash with no changes" name="abort stash stash with no changes" time="0.051">
    </testcase>
    <testcase classname="abort stash stash with untracked files - no other changes" name="abort stash stash with untracked files - no other changes" time="0.014">
    </testcase>
    <testcase classname="stash push stash with staged changes" name="stash push stash with staged changes" time="0.104">
    </testcase>
    <testcase classname="stash push stash with staged and unstaged changes" name="stash push stash with staged and unstaged changes" time="0.102">
    </testcase>
    <testcase classname="stash push stash with staged and unstaged changes plus same file changes" name="stash push stash with staged and unstaged changes plus same file changes" time="0.121">
    </testcase>
    <testcase classname="stash push stash with untracked files - with other changes" name="stash push stash with untracked files - with other changes" time="0.063">
    </testcase>
    <testcase classname="stash create stash create without user" name="stash create stash create without user" time="0.013">
    </testcase>
    <testcase classname="stash create stash create with no changes" name="stash create stash create with no changes" time="0.036">
    </testcase>
    <testcase classname="stash create stash create with staged changes - returns commit hash without modifying working dir" name="stash create stash create with staged changes - returns commit hash without modifying working dir" time="0.053">
    </testcase>
    <testcase classname="stash create stash create with staged and unstaged changes" name="stash create stash create with staged and unstaged changes" time="0.072">
    </testcase>
    <testcase classname="stash create stash create with staged and unstaged changes on same file" name="stash create stash create with staged and unstaged changes on same file" time="0.055">
    </testcase>
    <testcase classname="stash create stash create with untracked files - no other changes" name="stash create stash create with untracked files - no other changes" time="0.014">
    </testcase>
    <testcase classname="stash create stash create with untracked files - with other changes" name="stash create stash create with untracked files - with other changes" time="0.042">
    </testcase>
    <testcase classname="stash create stash create with deleted files" name="stash create stash create with deleted files" time="0.063">
    </testcase>
    <testcase classname="stash create stash create with changes in nested folders" name="stash create stash create with changes in nested folders" time="0.095">
    </testcase>
    <testcase classname="stash create stash create multiple times returns different hashes" name="stash create stash create multiple times returns different hashes" time="0.09">
    </testcase>
    <testcase classname="stash create stash create does not interfere with existing stash list" name="stash create stash create does not interfere with existing stash list" time="0.128">
    </testcase>
    <testcase classname="stash create stash create with custom message" name="stash create stash create with custom message" time="0.053">
    </testcase>
    <testcase classname="stash apply stash apply with staged changes" name="stash apply stash apply with staged changes" time="0.122">
    </testcase>
    <testcase classname="stash apply stash apply with staged and unstaged changes" name="stash apply stash apply with staged and unstaged changes" time="0.127">
    </testcase>
    <testcase classname="stash apply stash apply with staged and unstaged changes, include same file" name="stash apply stash apply with staged and unstaged changes, include same file" time="0.142">
    </testcase>
    <testcase classname="stash apply stash apply with staged changes under two folders" name="stash apply stash apply with staged changes under two folders" time="0.079">
    </testcase>
    <testcase classname="stash apply stash apply with deleted files" name="stash apply stash apply with deleted files" time="0.086">
    </testcase>
    <testcase classname="stash apply stash apply with deleted files and staged changes" name="stash apply stash apply with deleted files and staged changes" time="0.086">
    </testcase>
    <testcase classname="stash apply stash apply with delete folder" name="stash apply stash apply with delete folder" time="0.097">
    </testcase>
    <testcase classname="stash apply stash apply with untracked files - with other staged and unstaged changes" name="stash apply stash apply with untracked files - with other staged and unstaged changes" time="0.077">
    </testcase>
    <testcase classname="stash apply stash apply with invalid ref idx" name="stash apply stash apply with invalid ref idx" time="0.1">
    </testcase>
    <testcase classname="stash apply stash apply with non-default ref idx" name="stash apply stash apply with non-default ref idx" time="0.214">
    </testcase>
    <testcase classname="stash list stash list with no stash" name="stash list stash list with no stash" time="0.014">
    </testcase>
    <testcase classname="stash list stash list with 1 stash" name="stash list stash list with 1 stash" time="0.104">
    </testcase>
    <testcase classname="stash list stash list with 2 stashes" name="stash list stash list with 2 stashes" time="0.174">
    </testcase>
    <testcase classname="stash list stash list with default message" name="stash list stash list with default message" time="0.113">
    </testcase>
    <testcase classname="stash list stash list with custom message" name="stash list stash list with custom message" time="0.069">
    </testcase>
    <testcase classname="stash drop stash drop with no stash" name="stash drop stash drop with no stash" time="0.013">
    </testcase>
    <testcase classname="stash drop stash drop with stash" name="stash drop stash drop with stash" time="0.091">
    </testcase>
    <testcase classname="stash drop stash drop with invalid ref idx" name="stash drop stash drop with invalid ref idx" time="0.073">
    </testcase>
    <testcase classname="stash drop stash drop with non-default ref idx" name="stash drop stash drop with non-default ref idx" time="0.166">
    </testcase>
    <testcase classname="stash clear stash clear with no stash" name="stash clear stash clear with no stash" time="0.012">
    </testcase>
    <testcase classname="stash clear stash clear with stash" name="stash clear stash clear with stash" time="0.073">
    </testcase>
    <testcase classname="stash clear stash clear with 2 stashes" name="stash clear stash clear with 2 stashes" time="0.169">
    </testcase>
    <testcase classname="stash pop stash pop with no stash" name="stash pop stash pop with no stash" time="0.014">
    </testcase>
    <testcase classname="stash pop stash pop with 1 stash" name="stash pop stash pop with 1 stash" time="0.098">
    </testcase>
    <testcase classname="stash pop stash pop with 2 stashes" name="stash pop stash pop with 2 stashes" time="0.194">
    </testcase>
    <testcase classname="stash pop stash pop with invalid ref idx" name="stash pop stash pop with invalid ref idx" time="0.209">
    </testcase>
    <testcase classname="stash pop stash pop with non-default ref idx" name="stash pop stash pop with non-default ref idx" time="0.213">
    </testcase>
    <testcase classname="stash regression #2138 should not lose stashes after stash pop followed by stash push" name="stash regression #2138 should not lose stashes after stash pop followed by stash push" time="0.116">
    </testcase>
    <testcase classname="stash regression #2138 stash list order before and after stash drop" name="stash regression #2138 stash list order before and after stash drop" time="0.109">
    </testcase>
  </testsuite>
  <testsuite name="normalizeCommitterObject" errors="0" failures="0" skipped="0" timestamp="2025-10-28T23:16:01" time="0.137" tests="5">
    <testcase classname="normalizeCommitterObject return committer if all properties are populated" name="normalizeCommitterObject return committer if all properties are populated" time="0.015">
    </testcase>
    <testcase classname="normalizeCommitterObject return author values if no committer was provided" name="normalizeCommitterObject return author values if no committer was provided" time="0.007">
    </testcase>
    <testcase classname="normalizeCommitterObject return commit committer when no author or committer was provided" name="normalizeCommitterObject return commit committer when no author or committer was provided" time="0.007">
    </testcase>
    <testcase classname="normalizeCommitterObject return config values and new timestamp if no author or committer was provided" name="normalizeCommitterObject return config values and new timestamp if no author or committer was provided" time="0.007">
    </testcase>
    <testcase classname="normalizeCommitterObject return undefined if no value can be retrieved" name="normalizeCommitterObject return undefined if no value can be retrieved" time="0.005">
    </testcase>
  </testsuite>
  <testsuite name="normalizeAuthorObject" errors="0" failures="0" skipped="0" timestamp="2025-10-28T23:16:02" time="0.138" tests="4">
    <testcase classname="normalizeAuthorObject return author if all properties are populated" name="normalizeAuthorObject return author if all properties are populated" time="0.025">
    </testcase>
    <testcase classname="normalizeAuthorObject return commit author when no author was provided" name="normalizeAuthorObject return commit author when no author was provided" time="0.012">
    </testcase>
    <testcase classname="normalizeAuthorObject return config values and new timestamp if no author or commit was provided" name="normalizeAuthorObject return config values and new timestamp if no author or commit was provided" time="0.007">
    </testcase>
    <testcase classname="normalizeAuthorObject return undefined if no value can be retrieved" name="normalizeAuthorObject return undefined if no value can be retrieved" time="0.006">
    </testcase>
  </testsuite>
  <testsuite name="removeNote" errors="0" failures="0" skipped="0" timestamp="2025-10-28T23:16:02" time="0.235" tests="2">
    <testcase classname="removeNote from default branch" name="removeNote from default branch" time="0.102">
    </testcase>
    <testcase classname="removeNote from alternate branch" name="removeNote from alternate branch" time="0.045">
    </testcase>
  </testsuite>
  <testsuite name="readCommit" errors="0" failures="0" skipped="0" timestamp="2025-10-28T23:16:02" time="0.187" tests="4">
    <testcase classname="readCommit test missing" name="readCommit test missing" time="0.026">
    </testcase>
    <testcase classname="readCommit parsed" name="readCommit parsed" time="0.015">
    </testcase>
    <testcase classname="readCommit from packfile" name="readCommit from packfile" time="0.016">
    </testcase>
    <testcase classname="readCommit peels tags" name="readCommit peels tags" time="0.03">
    </testcase>
  </testsuite>
  <testsuite name="readNote" errors="0" failures="0" skipped="0" timestamp="2025-10-28T23:16:02" time="0.208" tests="4">
    <testcase classname="readNote to a commit" name="readNote to a commit" time="0.034">
    </testcase>
    <testcase classname="readNote to a tree" name="readNote to a tree" time="0.038">
    </testcase>
    <testcase classname="readNote to a blob" name="readNote to a blob" time="0.02">
    </testcase>
    <testcase classname="readNote from an alternate branch" name="readNote from an alternate branch" time="0.018">
    </testcase>
  </testsuite>
  <testsuite name="tag" errors="0" failures="0" skipped="0" timestamp="2025-10-28T23:16:02" time="0.192" tests="5">
    <testcase classname="tag creates a lightweight tag to HEAD" name="tag creates a lightweight tag to HEAD" time="0.028">
    </testcase>
    <testcase classname="tag fails if tag already exists" name="tag fails if tag already exists" time="0.016">
    </testcase>
    <testcase classname="tag fails if tag already exists (packed)" name="tag fails if tag already exists (packed)" time="0.015">
    </testcase>
    <testcase classname="tag force overwrite" name="tag force overwrite" time="0.015">
    </testcase>
    <testcase classname="tag force overwrite (packed)" name="tag force overwrite (packed)" time="0.014">
    </testcase>
  </testsuite>
  <testsuite name="listFiles" errors="0" failures="0" skipped="0" timestamp="2025-10-28T23:16:02" time="0.173" tests="2">
    <testcase classname="listFiles index" name="listFiles index" time="0.033">
    </testcase>
    <testcase classname="listFiles ref" name="listFiles ref" time="0.034">
    </testcase>
  </testsuite>
  <testsuite name="invalid .git/index" errors="0" failures="0" skipped="0" timestamp="2025-10-28T23:16:02" time="0.177" tests="3">
    <testcase classname="invalid .git/index empty file" name="invalid .git/index empty file" time="0.03">
    </testcase>
    <testcase classname="invalid .git/index no magic number" name="invalid .git/index no magic number" time="0.014">
    </testcase>
    <testcase classname="invalid .git/index wrong checksum" name="invalid .git/index wrong checksum" time="0.017">
    </testcase>
  </testsuite>
  <testsuite name="remove" errors="0" failures="0" skipped="0" timestamp="2025-10-28T23:16:02" time="0.178" tests="2">
    <testcase classname="remove file" name="remove file" time="0.064">
    </testcase>
    <testcase classname="remove dir" name="remove dir" time="0.008">
    </testcase>
  </testsuite>
  <testsuite name="writeTree" errors="0" failures="0" skipped="0" timestamp="2025-10-28T23:16:02" time="0.137" tests="2">
    <testcase classname="writeTree tree" name="writeTree tree" time="0.017">
    </testcase>
    <testcase classname="writeTree tree entries sorted correctly" name="writeTree tree entries sorted correctly" time="0.005">
    </testcase>
  </testsuite>
  <testsuite name="config" errors="0" failures="0" skipped="0" timestamp="2025-10-28T23:16:02" time="0.145" tests="2">
    <testcase classname="config getting" name="config getting" time="0.019">
    </testcase>
    <testcase classname="config setting" name="config setting" time="0.015">
    </testcase>
  </testsuite>
  <testsuite name="listObjects" errors="0" failures="0" skipped="0" timestamp="2025-10-28T23:16:02" time="0.13" tests="1">
    <testcase classname="listObjects listObjects" name="listObjects listObjects" time="0.06">
    </testcase>
  </testsuite>
  <testsuite name="listNotes" errors="0" failures="0" skipped="0" timestamp="2025-10-28T23:16:02" time="0.156" tests="3">
    <testcase classname="listNotes from default branch" name="listNotes from default branch" time="0.035">
    </testcase>
    <testcase classname="listNotes from alternate branch" name="listNotes from alternate branch" time="0.016">
    </testcase>
    <testcase classname="listNotes from non-existant branch" name="listNotes from non-existant branch" time="0.019">
    </testcase>
  </testsuite>
  <testsuite name="flatFileListToDirectoryStructure" errors="0" failures="0" skipped="0" timestamp="2025-10-28T23:16:02" time="0.073" tests="2">
    <testcase classname="flatFileListToDirectoryStructure simple" name="flatFileListToDirectoryStructure simple" time="0.002">
    </testcase>
    <testcase classname="flatFileListToDirectoryStructure advanced" name="flatFileListToDirectoryStructure advanced" time="0.003">
    </testcase>
  </testsuite>
  <testsuite name="isIgnored" errors="0" failures="0" skipped="0" timestamp="2025-10-28T23:16:02" time="0.152" tests="2">
    <testcase classname="isIgnored should check .gitignore" name="isIgnored should check .gitignore" time="0.037">
    </testcase>
    <testcase classname="isIgnored should check .gitignore in sub directory" name="isIgnored should check .gitignore in sub directory" time="0.015">
    </testcase>
  </testsuite>
  <testsuite name="currentBranch" errors="0" failures="0" skipped="0" timestamp="2025-10-28T23:16:02" time="0.178" tests="3">
    <testcase classname="currentBranch resolve HEAD to master" name="currentBranch resolve HEAD to master" time="0.047">
    </testcase>
    <testcase classname="currentBranch resolve HEAD to refs/heads/master" name="currentBranch resolve HEAD to refs/heads/master" time="0.015">
    </testcase>
    <testcase classname="currentBranch returns undefined if HEAD is detached" name="currentBranch returns undefined if HEAD is detached" time="0.014">
    </testcase>
  </testsuite>
  <testsuite name="deleteRef" errors="0" failures="0" skipped="0" timestamp="2025-10-28T23:16:02" time="0.137" tests="3">
    <testcase classname="deleteRef deletes a loose tag" name="deleteRef deletes a loose tag" time="0.024">
    </testcase>
    <testcase classname="deleteRef deletes a packed tag" name="deleteRef deletes a packed tag" time="0.015">
    </testcase>
    <testcase classname="deleteRef deletes a packed and loose tag" name="deleteRef deletes a packed and loose tag" time="0.009">
    </testcase>
  </testsuite>
  <testsuite name="writeCommit" errors="0" failures="0" skipped="0" timestamp="2025-10-28T23:16:02" time="0.115" tests="1">
    <testcase classname="writeCommit parsed" name="writeCommit parsed" time="0.018">
    </testcase>
  </testsuite>
  <testsuite name="init" errors="0" failures="0" skipped="0" timestamp="2025-10-28T23:16:02" time="0.131" tests="3">
    <testcase classname="init init" name="init init" time="0.014">
    </testcase>
    <testcase classname="init init --bare" name="init init --bare" time="0.007">
    </testcase>
    <testcase classname="init init does not overwrite existing config" name="init init does not overwrite existing config" time="0.018">
    </testcase>
  </testsuite>
  <testsuite name="push" errors="0" failures="0" skipped="0" timestamp="2025-10-28T23:15:56" time="6.581" tests="17">
    <testcase classname="push push" name="push push" time="0.782">
    </testcase>
[...]
    </testcase>
    <testcase classname="utils/join when &quot;internal join&quot; generates paths the same as &quot;path.join&quot; &quot;[&quot;.&quot;,&quot;.&quot;]&quot; should join to &quot;.&quot;" name="utils/join when &quot;internal join&quot; generates paths the same as &quot;path.join&quot; &quot;[&quot;.&quot;,&quot;.&quot;]&quot; should join to &quot;.&quot;" time="0.001">
    </testcase>
    <testcase classname="utils/join when &quot;internal join&quot; generates paths the same as &quot;path.join&quot; &quot;[&quot;.&quot;,&quot;foo&quot;,&quot;.&quot;]&quot; should join to &quot;foo&quot;" name="utils/join when &quot;internal join&quot; generates paths the same as &quot;path.join&quot; &quot;[&quot;.&quot;,&quot;foo&quot;,&quot;.&quot;]&quot; should join to &quot;foo&quot;" time="0">
    </testcase>
    <testcase classname="utils/join when &quot;internal join&quot; generates paths the same as &quot;path.join&quot; &quot;[&quot;.&quot;,&quot;.&quot;,&quot;.&quot;]&quot; should join to &quot;.&quot;" name="utils/join when &quot;internal join&quot; generates paths the same as &quot;path.join&quot; &quot;[&quot;.&quot;,&quot;.&quot;,&quot;.&quot;]&quot; should join to &quot;.&quot;" time="0">
    </testcase>
    <testcase classname="utils/join when &quot;internal join&quot; generates paths the same as &quot;path.join&quot; &quot;[&quot;/&quot;,&quot;.&quot;]&quot; should join to &quot;/&quot;" name="utils/join when &quot;internal join&quot; generates paths the same as &quot;path.join&quot; &quot;[&quot;/&quot;,&quot;.&quot;]&quot; should join to &quot;/&quot;" time="0">
    </testcase>
    <testcase classname="utils/join when &quot;internal join&quot; generates paths the same as &quot;path.join&quot; &quot;[&quot;/&quot;,&quot;.git&quot;]&quot; should join to &quot;/.git&quot;" name="utils/join when &quot;internal join&quot; generates paths the same as &quot;path.join&quot; &quot;[&quot;/&quot;,&quot;.git&quot;]&quot; should join to &quot;/.git&quot;" time="0">
    </testcase>
    <testcase classname="utils/join when &quot;internal join&quot; generates paths the same as &quot;path.join&quot; &quot;[&quot;.&quot;,&quot;.git&quot;]&quot; should join to &quot;.git&quot;" name="utils/join when &quot;internal join&quot; generates paths the same as &quot;path.join&quot; &quot;[&quot;.&quot;,&quot;.git&quot;]&quot; should join to &quot;.git&quot;" time="0.001">
    </testcase>
    <testcase classname="utils/join when &quot;internal join&quot; generates paths the same as &quot;path.join&quot; &quot;[]&quot; should join to &quot;.&quot;" name="utils/join when &quot;internal join&quot; generates paths the same as &quot;path.join&quot; &quot;[]&quot; should join to &quot;.&quot;" time="0">
    </testcase>
    <testcase classname="utils/join when &quot;internal join&quot; generates paths the same as &quot;path.join&quot; &quot;[&quot;foo/x&quot;,&quot;./bar&quot;]&quot; should join to &quot;foo/x/bar&quot;" name="utils/join when &quot;internal join&quot; generates paths the same as &quot;path.join&quot; &quot;[&quot;foo/x&quot;,&quot;./bar&quot;]&quot; should join to &quot;foo/x/bar&quot;" time="0">
    </testcase>
    <testcase classname="utils/join when &quot;internal join&quot; generates paths the same as &quot;path.join&quot; &quot;[&quot;foo/x/&quot;,&quot;./bar&quot;]&quot; should join to &quot;foo/x/bar&quot;" name="utils/join when &quot;internal join&quot; generates paths the same as &quot;path.join&quot; &quot;[&quot;foo/x/&quot;,&quot;./bar&quot;]&quot; should join to &quot;foo/x/bar&quot;" time="0">
    </testcase>
    <testcase classname="utils/join when &quot;internal join&quot; generates paths the same as &quot;path.join&quot; &quot;[&quot;foo/x/&quot;,&quot;.&quot;,&quot;bar&quot;]&quot; should join to &quot;foo/x/bar&quot;" name="utils/join when &quot;internal join&quot; generates paths the same as &quot;path.join&quot; &quot;[&quot;foo/x/&quot;,&quot;.&quot;,&quot;bar&quot;]&quot; should join to &quot;foo/x/bar&quot;" time="0">
    </testcase>
    <testcase classname="utils/join when &quot;internal join&quot; generates paths the same as &quot;path.join&quot; &quot;[&quot;.&quot;,&quot;.&quot;,&quot;.&quot;]&quot; should join to &quot;.&quot;" name="utils/join when &quot;internal join&quot; generates paths the same as &quot;path.join&quot; &quot;[&quot;.&quot;,&quot;.&quot;,&quot;.&quot;]&quot; should join to &quot;.&quot;" time="0">
    </testcase>
    <testcase classname="utils/join when &quot;internal join&quot; generates paths the same as &quot;path.join&quot; &quot;[&quot;.&quot;,&quot;./&quot;,&quot;.&quot;]&quot; should join to &quot;.&quot;" name="utils/join when &quot;internal join&quot; generates paths the same as &quot;path.join&quot; &quot;[&quot;.&quot;,&quot;./&quot;,&quot;.&quot;]&quot; should join to &quot;.&quot;" time="0">
    </testcase>
    <testcase classname="utils/join when &quot;internal join&quot; generates paths the same as &quot;path.join&quot; &quot;[&quot;.&quot;,&quot;/./&quot;,&quot;.&quot;]&quot; should join to &quot;.&quot;" name="utils/join when &quot;internal join&quot; generates paths the same as &quot;path.join&quot; &quot;[&quot;.&quot;,&quot;/./&quot;,&quot;.&quot;]&quot; should join to &quot;.&quot;" time="0">
    </testcase>
    <testcase classname="utils/join when &quot;internal join&quot; generates paths the same as &quot;path.join&quot; &quot;[&quot;.&quot;,&quot;/////./&quot;,&quot;.&quot;]&quot; should join to &quot;.&quot;" name="utils/join when &quot;internal join&quot; generates paths the same as &quot;path.join&quot; &quot;[&quot;.&quot;,&quot;/////./&quot;,&quot;.&quot;]&quot; should join to &quot;.&quot;" time="0">
    </testcase>
    <testcase classname="utils/join when &quot;internal join&quot; generates paths the same as &quot;path.join&quot; &quot;[&quot;.&quot;]&quot; should join to &quot;.&quot;" name="utils/join when &quot;internal join&quot; generates paths the same as &quot;path.join&quot; &quot;[&quot;.&quot;]&quot; should join to &quot;.&quot;" time="0.001">
    </testcase>
    <testcase classname="utils/join when &quot;internal join&quot; generates paths the same as &quot;path.join&quot; &quot;[&quot;&quot;,&quot;.&quot;]&quot; should join to &quot;.&quot;" name="utils/join when &quot;internal join&quot; generates paths the same as &quot;path.join&quot; &quot;[&quot;&quot;,&quot;.&quot;]&quot; should join to &quot;.&quot;" time="0">
    </testcase>
    <testcase classname="utils/join when &quot;internal join&quot; generates paths the same as &quot;path.join&quot; &quot;[&quot;foo&quot;,&quot;/bar&quot;]&quot; should join to &quot;foo/bar&quot;" name="utils/join when &quot;internal join&quot; generates paths the same as &quot;path.join&quot; &quot;[&quot;foo&quot;,&quot;/bar&quot;]&quot; should join to &quot;foo/bar&quot;" time="0">
    </testcase>
    <testcase classname="utils/join when &quot;internal join&quot; generates paths the same as &quot;path.join&quot; &quot;[&quot;foo&quot;,&quot;&quot;]&quot; should join to &quot;foo&quot;" name="utils/join when &quot;internal join&quot; generates paths the same as &quot;path.join&quot; &quot;[&quot;foo&quot;,&quot;&quot;]&quot; should join to &quot;foo&quot;" time="0">
    </testcase>
    <testcase classname="utils/join when &quot;internal join&quot; generates paths the same as &quot;path.join&quot; &quot;[&quot;foo&quot;,&quot;&quot;,&quot;/bar&quot;]&quot; should join to &quot;foo/bar&quot;" name="utils/join when &quot;internal join&quot; generates paths the same as &quot;path.join&quot; &quot;[&quot;foo&quot;,&quot;&quot;,&quot;/bar&quot;]&quot; should join to &quot;foo/bar&quot;" time="0">
    </testcase>
    <testcase classname="utils/join when &quot;internal join&quot; generates paths the same as &quot;path.join&quot; &quot;[&quot;/&quot;]&quot; should join to &quot;/&quot;" name="utils/join when &quot;internal join&quot; generates paths the same as &quot;path.join&quot; &quot;[&quot;/&quot;]&quot; should join to &quot;/&quot;" time="0">
    </testcase>
    <testcase classname="utils/join when &quot;internal join&quot; generates paths the same as &quot;path.join&quot; &quot;[&quot;/&quot;,&quot;.&quot;]&quot; should join to &quot;/&quot;" name="utils/join when &quot;internal join&quot; generates paths the same as &quot;path.join&quot; &quot;[&quot;/&quot;,&quot;.&quot;]&quot; should join to &quot;/&quot;" time="0.001">
    </testcase>
    <testcase classname="utils/join when &quot;internal join&quot; generates paths the same as &quot;path.join&quot; &quot;[&quot;&quot;]&quot; should join to &quot;.&quot;" name="utils/join when &quot;internal join&quot; generates paths the same as &quot;path.join&quot; &quot;[&quot;&quot;]&quot; should join to &quot;.&quot;" time="0">
    </testcase>
    <testcase classname="utils/join when &quot;internal join&quot; generates paths the same as &quot;path.join&quot; &quot;[&quot;&quot;,&quot;&quot;]&quot; should join to &quot;.&quot;" name="utils/join when &quot;internal join&quot; generates paths the same as &quot;path.join&quot; &quot;[&quot;&quot;,&quot;&quot;]&quot; should join to &quot;.&quot;" time="0">
    </testcase>
    <testcase classname="utils/join when &quot;internal join&quot; generates paths the same as &quot;path.join&quot; &quot;[&quot;&quot;,&quot;foo&quot;]&quot; should join to &quot;foo&quot;" name="utils/join when &quot;internal join&quot; generates paths the same as &quot;path.join&quot; &quot;[&quot;&quot;,&quot;foo&quot;]&quot; should join to &quot;foo&quot;" time="0">
    </testcase>
    <testcase classname="utils/join when &quot;internal join&quot; generates paths the same as &quot;path.join&quot; &quot;[&quot;&quot;,&quot;&quot;,&quot;foo&quot;]&quot; should join to &quot;foo&quot;" name="utils/join when &quot;internal join&quot; generates paths the same as &quot;path.join&quot; &quot;[&quot;&quot;,&quot;&quot;,&quot;foo&quot;]&quot; should join to &quot;foo&quot;" time="0">
    </testcase>
    <testcase classname="utils/join when &quot;internal join&quot; generates paths the same as &quot;path.join&quot; &quot;[&quot; /foo&quot;]&quot; should join to &quot; /foo&quot;" name="utils/join when &quot;internal join&quot; generates paths the same as &quot;path.join&quot; &quot;[&quot; /foo&quot;]&quot; should join to &quot; /foo&quot;" time="0">
    </testcase>
    <testcase classname="utils/join when &quot;internal join&quot; generates paths the same as &quot;path.join&quot; &quot;[&quot; &quot;,&quot;foo&quot;]&quot; should join to &quot; /foo&quot;" name="utils/join when &quot;internal join&quot; generates paths the same as &quot;path.join&quot; &quot;[&quot; &quot;,&quot;foo&quot;]&quot; should join to &quot; /foo&quot;" time="0.001">
    </testcase>
    <testcase classname="utils/join when &quot;internal join&quot; generates paths the same as &quot;path.join&quot; &quot;[&quot; &quot;,&quot;.&quot;]&quot; should join to &quot; &quot;" name="utils/join when &quot;internal join&quot; generates paths the same as &quot;path.join&quot; &quot;[&quot; &quot;,&quot;.&quot;]&quot; should join to &quot; &quot;" time="0">
    </testcase>
    <testcase classname="utils/join when &quot;internal join&quot; generates paths the same as &quot;path.join&quot; &quot;[&quot; &quot;,&quot;&quot;]&quot; should join to &quot; &quot;" name="utils/join when &quot;internal join&quot; generates paths the same as &quot;path.join&quot; &quot;[&quot; &quot;,&quot;&quot;]&quot; should join to &quot; &quot;" time="0">
    </testcase>
    <testcase classname="utils/join when &quot;internal join&quot; generates paths the same as &quot;path.join&quot; &quot;[&quot;/&quot;,&quot;/foo&quot;]&quot; should join to &quot;/foo&quot;" name="utils/join when &quot;internal join&quot; generates paths the same as &quot;path.join&quot; &quot;[&quot;/&quot;,&quot;/foo&quot;]&quot; should join to &quot;/foo&quot;" time="0">
    </testcase>
    <testcase classname="utils/join when &quot;internal join&quot; generates paths the same as &quot;path.join&quot; &quot;[&quot;/&quot;,&quot;//foo&quot;]&quot; should join to &quot;/foo&quot;" name="utils/join when &quot;internal join&quot; generates paths the same as &quot;path.join&quot; &quot;[&quot;/&quot;,&quot;//foo&quot;]&quot; should join to &quot;/foo&quot;" time="0">
    </testcase>
    <testcase classname="utils/join when &quot;internal join&quot; generates paths the same as &quot;path.join&quot; &quot;[&quot;/&quot;,&quot;&quot;,&quot;/foo&quot;]&quot; should join to &quot;/foo&quot;" name="utils/join when &quot;internal join&quot; generates paths the same as &quot;path.join&quot; &quot;[&quot;/&quot;,&quot;&quot;,&quot;/foo&quot;]&quot; should join to &quot;/foo&quot;" time="0">
    </testcase>
  </testsuite>
  <testsuite name="Errors" errors="0" failures="0" skipped="0" timestamp="2025-10-28T23:16:03" time="0.1" tests="2">
    <testcase classname="Errors have the correct value for their static property code" name="Errors have the correct value for their static property code" time="0.003">
    </testcase>
    <testcase classname="Errors create a NotFoundError" name="Errors create a NotFoundError" time="0.006">
    </testcase>
  </testsuite>
  <testsuite name="version" errors="0" failures="0" skipped="0" timestamp="2025-10-28T23:16:03" time="0.097" tests="1">
    <testcase classname="version version" name="version version" time="0.001">
    </testcase>
  </testsuite>
  <testsuite name="fetch" errors="0" failures="0" skipped="0" timestamp="2025-10-28T23:15:56" time="11.058" tests="12">
    <testcase classname="fetch fetch (from Github)" name="fetch fetch (from Github)" time="1.752">
    </testcase>
    <testcase classname="fetch shallow fetch (from Github)" name="fetch shallow fetch (from Github)" time="3.567">
    </testcase>
    <testcase classname="fetch throws UnknownTransportError if using shorter scp-like syntax" name="fetch throws UnknownTransportError if using shorter scp-like syntax" time="0.007">
    </testcase>
    <testcase classname="fetch the SSH -&gt; HTTPS UnknownTransportError suggestion feature" name="fetch the SSH -&gt; HTTPS UnknownTransportError suggestion feature" time="0.007">
    </testcase>
    <testcase classname="fetch shallow fetch single commit by hash (from Github)" name="fetch shallow fetch single commit by hash (from Github)" time="0.661">
    </testcase>
    <testcase classname="fetch shallow fetch since (from Github)" name="fetch shallow fetch since (from Github)" time="0.553">
    </testcase>
    <testcase classname="fetch shallow fetch exclude (from Github)" name="fetch shallow fetch exclude (from Github)" time="0.57">
    </testcase>
    <testcase classname="fetch shallow fetch relative (from Github)" name="fetch shallow fetch relative (from Github)" time="2.082">
    </testcase>
    <testcase classname="fetch errors if missing refspec" name="fetch errors if missing refspec" time="0.417">
    </testcase>
    <testcase classname="fetch fetch empty repository from git-http-mock-server" name="fetch fetch empty repository from git-http-mock-server" time="0.021">
    </testcase>
    <testcase classname="fetch fetch --prune from git-http-mock-server" name="fetch fetch --prune from git-http-mock-server" time="0.056">
    </testcase>
    <testcase classname="fetch fetch --prune-tags from git-http-mock-server" name="fetch fetch --prune-tags from git-http-mock-server" time="0.06">
    </testcase>
  </testsuite>
  <testsuite name="Hosting Providers" errors="0" failures="0" skipped="3" timestamp="2025-10-28T23:15:58" time="9.615" tests="10">
    <testcase classname="Hosting Providers AWS CodeCommit fetch" name="Hosting Providers AWS CodeCommit fetch" time="3.027">
    </testcase>
    <testcase classname="Hosting Providers AWS CodeCommit push" name="Hosting Providers AWS CodeCommit push" time="0.829">
    </testcase>
    <testcase classname="Hosting Providers Azure DevOps fetch" name="Hosting Providers Azure DevOps fetch" time="0.984">
    </testcase>
    <testcase classname="Hosting Providers Azure DevOps push" name="Hosting Providers Azure DevOps push" time="0">
      <skipped/>
    </testcase>
    <testcase classname="Hosting Providers Bitbucket push" name="Hosting Providers Bitbucket push" time="2.374">
    </testcase>
    <testcase classname="Hosting Providers Bitbucket fetch" name="Hosting Providers Bitbucket fetch" time="0.843">
    </testcase>
    <testcase classname="Hosting Providers GitHub fetch" name="Hosting Providers GitHub fetch" time="0.518">
    </testcase>
    <testcase classname="Hosting Providers GitHub push" name="Hosting Providers GitHub push" time="0.903">
    </testcase>
    <testcase classname="Hosting Providers GitLab fetch" name="Hosting Providers GitLab fetch" time="0">
      <skipped/>
    </testcase>
    <testcase classname="Hosting Providers GitLab push" name="Hosting Providers GitLab push" time="0">
      <skipped/>
    </testcase>
  </testsuite>
  <testsuite name="clone" errors="0" failures="0" skipped="0" timestamp="2025-10-28T23:15:56" time="16.849" tests="17">
    <testcase classname="clone clone with noTags" name="clone clone with noTags" time="10.402">
    </testcase>
    <testcase classname="clone clone with noCheckout" name="clone clone with noCheckout" time="0.453">
    </testcase>
    <testcase classname="clone clone a tag" name="clone clone a tag" time="0.65">
    </testcase>
    <testcase classname="clone clone should not peel tag" name="clone clone should not peel tag" time="0.106">
    </testcase>
    <testcase classname="clone clone with an unregistered protocol" name="clone clone with an unregistered protocol" time="0.008">
    </testcase>
    <testcase classname="clone clone from git-http-mock-server" name="clone clone from git-http-mock-server" time="0.038">
    </testcase>
    <testcase classname="clone should throw error if server resets connection before reading packetlines" name="clone should throw error if server resets connection before reading packetlines" time="0.025">
    </testcase>
    <testcase classname="clone should throw error if server resets connection while reading packetlines" name="clone should throw error if server resets connection while reading packetlines" time="0.024">
    </testcase>
    <testcase classname="clone should throw error if server resets connection before reading packfile" name="clone should throw error if server resets connection before reading packfile" time="0.026">
    </testcase>
    <testcase classname="clone should not throw TypeError error if packfile is empty" name="clone should not throw TypeError error if packfile is empty" time="0.032">
    </testcase>
    <testcase classname="clone clone default branch with --singleBranch" name="clone clone default branch with --singleBranch" time="0.037">
    </testcase>
    <testcase classname="clone create tracking for remote branch" name="clone create tracking for remote branch" time="0.047">
    </testcase>
    <testcase classname="clone clone empty repository from git-http-mock-server" name="clone clone empty repository from git-http-mock-server" time="0.015">
    </testcase>
    <testcase classname="clone removes the gitdir when clone fails" name="clone removes the gitdir when clone fails" time="0.006">
    </testcase>
    <testcase classname="clone should set up the remote tracking branch by default" name="clone should set up the remote tracking branch by default" time="2.818">
    </testcase>
    <testcase classname="clone clone with post-checkout hook" name="clone clone with post-checkout hook" time="0.036">
    </testcase>
    <testcase classname="clone should allow agent to be used with built-in http plugin for Node.js" name="clone should allow agent to be used with built-in http plugin for Node.js" time="0.795">
    </testcase>
  </testsuite>
</testsuites>